<?xml version="1.0" encoding="UTF-8"?>
<!-- Generated by org.testng.reporters.JUnitReportReporter -->
<testsuite hostname="DESKTOP-7R54CV9" failures="0" tests="3" name="testNg.DtaProvider" time="0.035" errors="0" timestamp="2023-07-17T10:36:54 IST" skipped="0">
  <testcase classname="testNg.DtaProvider" name="data" time="0.011"/>
  <system-out/>
  <testcase classname="testNg.DtaProvider" name="data" time="0.021"/>
  <system-out/>
  <testcase classname="testNg.DtaProvider" name="data" time="0.003"/>
  <system-out/>
</testsuite> <!-- testNg.DtaProvider -->
