<?xml version="1.0" encoding="UTF-8"?>
<!-- Generated by org.testng.reporters.JUnitReportReporter -->
<testsuite hostname="DESKTOP-7R54CV9" failures="0" tests="1" name="testNg.TestNgPractice" time="0.005" errors="0" timestamp="2023-07-17T10:36:54 IST" skipped="0">
  <testcase classname="testNg.TestNgPractice" name="siple" time="0.005"/>
  <system-out/>
</testsuite> <!-- testNg.TestNgPractice -->
