<?xml version="1.0" encoding="UTF-8"?>
<!-- Generated by org.testng.reporters.JUnitReportReporter -->
<testsuite hostname="DESKTOP-7R54CV9" failures="0" tests="4" name="testNg.TestNgPracticeTest" time="0.023" errors="0" timestamp="2023-07-17T10:36:54 IST" skipped="0">
  <testcase classname="testNg.TestNgPracticeTest" name="modifyUser" time="0.004"/>
  <system-out/>
  <testcase classname="testNg.TestNgPracticeTest" name="deleteUser" time="0.004"/>
  <system-out/>
  <testcase classname="testNg.TestNgPracticeTest" name="createUser" time="0.009"/>
  <system-out/>
  <testcase classname="testNg.TestNgPracticeTest" name="createUser" time="0.006"/>
  <system-out/>
</testsuite> <!-- testNg.TestNgPracticeTest -->
