<?xml version="1.0" encoding="UTF-8"?>
<!-- Generated by org.testng.reporters.JUnitReportReporter -->
<testsuite hostname="DESKTOP-7R54CV9" failures="0" tests="1" name="Basic.SoftAsseart" time="0.029" errors="0" timestamp="2023-07-17T10:36:54 IST" skipped="0">
  <testcase classname="Basic.SoftAsseart" name="m1" time="0.029"/>
  <system-out/>
</testsuite> <!-- Basic.SoftAsseart -->
